<?xml version="1.0" encoding="UTF-8"?>
<!-- Generated by org.testng.reporters.JUnitXMLReporter -->
<testsuite ignored="0" hostname="DESKTOP-64G5VC5" failures="0" tests="4" name="Test" time="42.348" errors="0" timestamp="2022-11-16T19:05:39 IST">
  <testcase classname="automation.testscript.ListBoxHandling" name="dropdownHandling" time="5.812"/>
  <testcase classname="automation.testscript.HiddenDivisionPopup" name="HiddenPopup" time="8.405"/>
  <testcase classname="automation.testscript.AlertPopUp" name="alertpopup" time="8.286"/>
  <testcase classname="automation.testscript.CustomerCreation" name="CreateCustomer" time="8.53"/>
</testsuite> <!-- Test -->
